Using pre-set license
Built from '2020.2/release' branch; Version is '2020.2.2f1 (068178b99f32) revision 426360'; Using compiler version '192528614'; Build Type 'Release'
OS: 'Windows 10 Pro; OS build 18363.1316; Version 1909; 64bit' Language: 'en' Physical Memory: 16334 MB
BatchMode: 1, IsHumanControllingUs: 0, StartBugReporterOnCrash: 0, Is64bit: 1, IsPro: 0

 COMMAND LINE ARGUMENTS:
F:\Unity\2020.2.2f1\Editor\Unity.exe
-adb2
-batchMode
-noUpm
-name
AssetImportWorker0
-projectPath
F:/Repos/Unity/Projects/Flashes
-logFile
Logs/AssetImportWorker0.log
-srvPort
64765
Successfully changed project path to: F:/Repos/Unity/Projects/Flashes
F:/Repos/Unity/Projects/Flashes
Using Asset Import Pipeline V2.
Refreshing native plugins compatible for Editor in 197.67 ms, found 0 plugins.
Preloading 0 native plugins for Editor in 0.00 ms.
Initialize engine version: 2020.2.2f1 (068178b99f32)
[Subsystems] Discovering subsystems at path F:/Unity/2020.2.2f1/Editor/Data/Resources/UnitySubsystems
[Subsystems] Discovering subsystems at path F:/Repos/Unity/Projects/Flashes/Assets
GfxDevice: creating device client; threaded=0
Direct3D:
    Version:  Direct3D 11.0 [level 11.1]
    Renderer: NVIDIA GeForce GTX 1060 6GB (ID=0x1c06)
    Vendor:   
    VRAM:     6052 MB
    Driver:   27.21.14.5671
Initialize mono
Mono path[0] = 'F:/Unity/2020.2.2f1/Editor/Data/Managed'
Mono path[1] = 'F:/Unity/2020.2.2f1/Editor/Data/MonoBleedingEdge/lib/mono/unityjit'
Mono config path = 'F:/Unity/2020.2.2f1/Editor/Data/MonoBleedingEdge/etc'
Using monoOptions --debugger-agent=transport=dt_socket,embedding=1,server=y,suspend=n,address=127.0.0.1:56256
Begin MonoManager ReloadAssembly
Registering precompiled unity dll's ...
Register platform support module: F:/Unity/2020.2.2f1/Editor/Data/PlaybackEngines/WindowsStandaloneSupport/UnityEditor.WindowsStandalone.Extensions.dll
Registered in 0.001396 seconds.
Native extension for WindowsStandalone target not found
Refreshing native plugins compatible for Editor in 147.28 ms, found 0 plugins.
Preloading 0 native plugins for Editor in 0.00 ms.
Invoked RoslynAnalysisRunner static constructor.
RoslynAnalysisRunner will not be running.
RoslynAnalysisRunner has terminated.
Mono: successfully reloaded assembly
- Completed reload, in  1.711 seconds
Platform modules already initialized, skipping
Registering precompiled user dll's ...
Registered in 0.003211 seconds.
Begin MonoManager ReloadAssembly
Native extension for WindowsStandalone target not found
Refreshing native plugins compatible for Editor in 174.53 ms, found 0 plugins.
Preloading 0 native plugins for Editor in 0.00 ms.
Invoked RoslynAnalysisRunner static constructor.
RoslynAnalysisRunner will not be running.
RoslynAnalysisRunner has terminated.
Mono: successfully reloaded assembly
- Completed reload, in  2.435 seconds
Platform modules already initialized, skipping
========================================================================
Worker process is ready to serve import requests
Launched and connected shader compiler UnityShaderCompiler.exe after 0.11 seconds
Refreshing native plugins compatible for Editor in 1.27 ms, found 0 plugins.
Preloading 0 native plugins for Editor in 0.00 ms.
Unloading 4405 Unused Serialized files (Serialized files now loaded: 0)
System memory in use before: 257.1 MB.
System memory in use after: 257.3 MB.

Unloading 164 unused Assets to reduce memory usage. Loaded Objects now: 5010.
Total: 4.614200 ms (FindLiveObjects: 0.516500 ms CreateObjectMapping: 0.144500 ms MarkObjects: 3.533000 ms  DeleteObjects: 0.418500 ms)

========================================================================
Received Import Request.
  path: Assets/CHARACTERS/PLAYER/StudioNewPunch/SuitPack/SuitedMan/Models
  artifactKey: Guid(6abdc3f05e0141743ad36babf3419e39) Importer(815301076,1909f56bfc062723c751e8b465ee728b)
Start importing Assets/CHARACTERS/PLAYER/StudioNewPunch/SuitPack/SuitedMan/Models using Guid(6abdc3f05e0141743ad36babf3419e39) Importer(815301076,1909f56bfc062723c751e8b465ee728b)  -> (artifact id: '5de8ff25c37bd588bbfcf2f7d7e7196a') in 0.035164 seconds
  Import took 0.140171 seconds .

========================================================================
Received Import Request.
  Time since last request: 0.000438 seconds.
  path: Assets/CHARACTERS/PLAYER/StudioNewPunch/SuitPack/SuitedMan/Prefabs
  artifactKey: Guid(b281ca45a30ec9b4ea7087e58f8040c9) Importer(815301076,1909f56bfc062723c751e8b465ee728b)
Start importing Assets/CHARACTERS/PLAYER/StudioNewPunch/SuitPack/SuitedMan/Prefabs using Guid(b281ca45a30ec9b4ea7087e58f8040c9) Importer(815301076,1909f56bfc062723c751e8b465ee728b)  -> (artifact id: '9c2ce7040ec9b665dc797477ce279d32') in 0.007796 seconds
  Import took 0.037860 seconds .

========================================================================
Received Import Request.
  Time since last request: 0.000281 seconds.
  path: Assets/CHARACTERS/PLAYER/StudioNewPunch/SuitPack/SuitedMan/Prefabs/BlueSuitFree01.prefab
  artifactKey: Guid(1d3b1a1513de66247974634911345b98) Importer(815301076,1909f56bfc062723c751e8b465ee728b)
Start importing Assets/CHARACTERS/PLAYER/StudioNewPunch/SuitPack/SuitedMan/Prefabs/BlueSuitFree01.prefab using Guid(1d3b1a1513de66247974634911345b98) Importer(815301076,1909f56bfc062723c751e8b465ee728b)  -> (artifact id: '4ab2398fd6dc022bcd845c55cae7ee95') in 1.049347 seconds
  Import took 1.062933 seconds .

========================================================================
Received Import Request.
  Time since last request: 0.000242 seconds.
  path: Assets/CHARACTERS/PLAYER/StudioNewPunch
  artifactKey: Guid(6f95b48180c2c5b4298dbd97da690518) Importer(815301076,1909f56bfc062723c751e8b465ee728b)
Start importing Assets/CHARACTERS/PLAYER/StudioNewPunch using Guid(6f95b48180c2c5b4298dbd97da690518) Importer(815301076,1909f56bfc062723c751e8b465ee728b)  -> (artifact id: '5300c1bea6eca71dd3ce1fcce3edfb44') in 0.007952 seconds
  Import took 0.058786 seconds .

========================================================================
Received Import Request.
  Time since last request: 0.000220 seconds.
  path: Assets/CHARACTERS/PLAYER/StudioNewPunch/SuitPack/SuitedMan/Models/BlueSuitFree01.fbx
  artifactKey: Guid(e6ab94ea3d7bfb840aa41680fa79570e) Importer(815301076,1909f56bfc062723c751e8b465ee728b)
Start importing Assets/CHARACTERS/PLAYER/StudioNewPunch/SuitPack/SuitedMan/Models/BlueSuitFree01.fbx using Guid(e6ab94ea3d7bfb840aa41680fa79570e) Importer(815301076,1909f56bfc062723c751e8b465ee728b)  -> (artifact id: 'ff4344cbcb221dd78d2cec28a8ea88a4') in 0.352342 seconds
  Import took 0.404528 seconds .

========================================================================
Received Import Request.
  Time since last request: 0.000241 seconds.
  path: Assets/CHARACTERS/PLAYER/StudioNewPunch/SuitPack/SuitedMan
  artifactKey: Guid(4cd07ad8ae9c28846ab4426b05b0f0cd) Importer(815301076,1909f56bfc062723c751e8b465ee728b)
Start importing Assets/CHARACTERS/PLAYER/StudioNewPunch/SuitPack/SuitedMan using Guid(4cd07ad8ae9c28846ab4426b05b0f0cd) Importer(815301076,1909f56bfc062723c751e8b465ee728b)  -> (artifact id: '10a3763f674c91d913fd8400ac932df0') in 0.008074 seconds
  Import took 0.015737 seconds .

========================================================================
Received Import Request.
  Time since last request: 0.000217 seconds.
  path: Assets/CHARACTERS/PLAYER/StudioNewPunch/SuitPack
  artifactKey: Guid(d010318dffc41144dadc36ea4cb8be55) Importer(815301076,1909f56bfc062723c751e8b465ee728b)
Start importing Assets/CHARACTERS/PLAYER/StudioNewPunch/SuitPack using Guid(d010318dffc41144dadc36ea4cb8be55) Importer(815301076,1909f56bfc062723c751e8b465ee728b)  -> (artifact id: '5ef00f1965efd9ce60631581c59b388c') in 0.007889 seconds
  Import took 0.063994 seconds .

========================================================================
Received Import Request.
  Time since last request: 0.000258 seconds.
  path: Assets/CHARACTERS/PLAYER
  artifactKey: Guid(42daf01779a9bbb40beb5650824f470d) Importer(815301076,1909f56bfc062723c751e8b465ee728b)
Start importing Assets/CHARACTERS/PLAYER using Guid(42daf01779a9bbb40beb5650824f470d) Importer(815301076,1909f56bfc062723c751e8b465ee728b)  -> (artifact id: '276c415af60b5ab9762e8d614152c1a7') in 0.007855 seconds
  Import took 0.035251 seconds .

========================================================================
Received Import Request.
  Time since last request: 0.000246 seconds.
  path: Assets/CHARACTERS/PLAYER/StudioNewPunch/SuitPack/SuitedMan/Models/suit_F01.fbx
  artifactKey: Guid(9d5e434a2e80a114aa8a697c09eb432b) Importer(815301076,1909f56bfc062723c751e8b465ee728b)
Start importing Assets/CHARACTERS/PLAYER/StudioNewPunch/SuitPack/SuitedMan/Models/suit_F01.fbx using Guid(9d5e434a2e80a114aa8a697c09eb432b) Importer(815301076,1909f56bfc062723c751e8b465ee728b)  -> (artifact id: '30c1b3312ddb40bf13bd712058dc5945') in 0.109319 seconds
  Import took 0.188810 seconds .

========================================================================
Received Import Request.
  Time since last request: 18.373424 seconds.
  path: Assets/ANIMATIONS/MixamoAnimations/Movement
  artifactKey: Guid(968745ad4999fdd49a1f6bf520eba244) Importer(815301076,1909f56bfc062723c751e8b465ee728b)
Start importing Assets/ANIMATIONS/MixamoAnimations/Movement using Guid(968745ad4999fdd49a1f6bf520eba244) Importer(815301076,1909f56bfc062723c751e8b465ee728b)  -> (artifact id: '31d9a872a299d4d7e4d12680e1156ca3') in 0.042535 seconds
  Import took 0.068321 seconds .

========================================================================
Received Import Request.
  Time since last request: 2.148095 seconds.
  path: Assets/ANIMATIONS/MixamoAnimations/Combat
  artifactKey: Guid(bf5216126dae0434a990242a2232f8d8) Importer(815301076,1909f56bfc062723c751e8b465ee728b)
Start importing Assets/ANIMATIONS/MixamoAnimations/Combat using Guid(bf5216126dae0434a990242a2232f8d8) Importer(815301076,1909f56bfc062723c751e8b465ee728b)  -> (artifact id: 'cc1d7beb6ad3eabada15d7c1965db08b') in 0.007998 seconds
  Import took 0.066757 seconds .

========================================================================
Received Import Request.
  Time since last request: 0.860473 seconds.
  path: Assets/ANIMATIONS/MixamoAnimations/Combat/Pistol
  artifactKey: Guid(d547e016fd69c4e49abf94482e3effa7) Importer(815301076,1909f56bfc062723c751e8b465ee728b)
Start importing Assets/ANIMATIONS/MixamoAnimations/Combat/Pistol using Guid(d547e016fd69c4e49abf94482e3effa7) Importer(815301076,1909f56bfc062723c751e8b465ee728b)  -> (artifact id: '00e114a8234e200ffda857dfe1fd5984') in 0.008076 seconds
  Import took 0.049535 seconds .

========================================================================
Received Import Request.
  Time since last request: 1.060274 seconds.
  path: Assets/ANIMATIONS/MixamoAnimations/Combat/Pistol/pistol idle.fbx
  artifactKey: Guid(016bd3bfdcbfb1947953ca5e54801404) Importer(815301076,1909f56bfc062723c751e8b465ee728b)
Start importing Assets/ANIMATIONS/MixamoAnimations/Combat/Pistol/pistol idle.fbx using Guid(016bd3bfdcbfb1947953ca5e54801404) Importer(815301076,1909f56bfc062723c751e8b465ee728b)  -> (artifact id: '3c9c6f03529900dd4c1bf4c4137dfe06') in 0.013379 seconds
  Import took 0.052546 seconds .

========================================================================
Received Prepare
Registering precompiled user dll's ...
Registered in 0.003855 seconds.
Begin MonoManager ReloadAssembly
Native extension for WindowsStandalone target not found
Refreshing native plugins compatible for Editor in 1.82 ms, found 0 plugins.
Preloading 0 native plugins for Editor in 0.00 ms.
Invoked RoslynAnalysisRunner static constructor.
RoslynAnalysisRunner will not be running.
RoslynAnalysisRunner has terminated.
Mono: successfully reloaded assembly
- Completed reload, in  2.422 seconds
Platform modules already initialized, skipping
Refreshing native plugins compatible for Editor in 1.29 ms, found 0 plugins.
Preloading 0 native plugins for Editor in 0.00 ms.
Unloading 4011 Unused Serialized files (Serialized files now loaded: 0)
System memory in use before: 255.5 MB.
System memory in use after: 255.6 MB.

Unloading 149 unused Assets to reduce memory usage. Loaded Objects now: 5148.
Total: 5.357600 ms (FindLiveObjects: 0.639300 ms CreateObjectMapping: 0.217700 ms MarkObjects: 4.121900 ms  DeleteObjects: 0.377300 ms)

========================================================================
Received Import Request.
  Time since last request: 460.880215 seconds.
  path: Assets/ANIMATIONS/MixamoAnimations/Combat/Melee/Axe Idle.fbx
  artifactKey: Guid(9686569a87bdb9b48818efbd08a30a90) Importer(815301076,1909f56bfc062723c751e8b465ee728b)
Start importing Assets/ANIMATIONS/MixamoAnimations/Combat/Melee/Axe Idle.fbx using Guid(9686569a87bdb9b48818efbd08a30a90) Importer(815301076,1909f56bfc062723c751e8b465ee728b)  -> (artifact id: '316b9bae56ef967ee909ee07a732c976') in 1.116665 seconds
  Import took 1.145320 seconds .

========================================================================
Received Import Request.
  Time since last request: 0.000252 seconds.
  path: Assets/ANIMATIONS/MixamoAnimations/Combat/Melee/AxeAttackMask.mask
  artifactKey: Guid(14932c25be40b124397e98944319134e) Importer(815301076,1909f56bfc062723c751e8b465ee728b)
Start importing Assets/ANIMATIONS/MixamoAnimations/Combat/Melee/AxeAttackMask.mask using Guid(14932c25be40b124397e98944319134e) Importer(815301076,1909f56bfc062723c751e8b465ee728b)  -> (artifact id: '1494e79ea4c139f85c6253f95f479fd5') in 0.050611 seconds
  Import took 0.081879 seconds .

========================================================================
Received Import Request.
  Time since last request: 0.000222 seconds.
  path: Assets/ANIMATIONS/MixamoAnimations/Combat/Melee
  artifactKey: Guid(98ea2d42b32a43146818a6a10416827b) Importer(815301076,1909f56bfc062723c751e8b465ee728b)
Start importing Assets/ANIMATIONS/MixamoAnimations/Combat/Melee using Guid(98ea2d42b32a43146818a6a10416827b) Importer(815301076,1909f56bfc062723c751e8b465ee728b)  -> (artifact id: '1c39bf9abb750b56635b26c50f5bee09') in 0.033374 seconds
  Import took 0.099664 seconds .

========================================================================
Received Import Request.
  Time since last request: 0.490171 seconds.
  path: Assets/ANIMATIONS/MixamoAnimations/Combat/Melee/Punching Left Arm.fbx
  artifactKey: Guid(ec5b2a57850b2ba47b11d50a50e35259) Importer(815301076,1909f56bfc062723c751e8b465ee728b)
Start importing Assets/ANIMATIONS/MixamoAnimations/Combat/Melee/Punching Left Arm.fbx using Guid(ec5b2a57850b2ba47b11d50a50e35259) Importer(815301076,1909f56bfc062723c751e8b465ee728b)  -> (artifact id: '543739d3e99f5b9163c4fe8a8adaeb15') in 0.104160 seconds
  Import took 0.149372 seconds .

========================================================================
Received Import Request.
  Time since last request: 0.363807 seconds.
  path: Assets/ANIMATIONS/MixamoAnimations/Combat/Melee/Punching Right Arm.fbx
  artifactKey: Guid(0e9cb4dfdc5f5684884d902b6e6d83f4) Importer(815301076,1909f56bfc062723c751e8b465ee728b)
Start importing Assets/ANIMATIONS/MixamoAnimations/Combat/Melee/Punching Right Arm.fbx using Guid(0e9cb4dfdc5f5684884d902b6e6d83f4) Importer(815301076,1909f56bfc062723c751e8b465ee728b)  -> (artifact id: 'a88fd2ed3e778fdfdab9beab6cc20897') in 0.094247 seconds
  Import took 0.149996 seconds .

========================================================================
Received Import Request.
  Time since last request: 0.446849 seconds.
  path: Assets/ANIMATIONS/MixamoAnimations/Combat/Melee/Standing Melee Attack Downward.fbx
  artifactKey: Guid(0657b5ab59814804eabcf35509a76015) Importer(815301076,1909f56bfc062723c751e8b465ee728b)
Start importing Assets/ANIMATIONS/MixamoAnimations/Combat/Melee/Standing Melee Attack Downward.fbx using Guid(0657b5ab59814804eabcf35509a76015) Importer(815301076,1909f56bfc062723c751e8b465ee728b)  -> (artifact id: '39ad6adc575b7f892c4fda3276893aad') in 0.046462 seconds
  Import took 0.119783 seconds .

========================================================================
Received Import Request.
  Time since last request: 1.135906 seconds.
  path: Assets/ANIMATIONS/MixamoAnimations/Combat/Melee/xbotSword-And-Shield-Slash.fbx
  artifactKey: Guid(ffb2747e9e7f13242957b263871eb015) Importer(815301076,1909f56bfc062723c751e8b465ee728b)
Start importing Assets/ANIMATIONS/MixamoAnimations/Combat/Melee/xbotSword-And-Shield-Slash.fbx using Guid(ffb2747e9e7f13242957b263871eb015) Importer(815301076,1909f56bfc062723c751e8b465ee728b)  -> (artifact id: '8780d4cd322ca925f3dc1d926af08ba4') in 0.097729 seconds
  Import took 0.205028 seconds .

========================================================================
Received Import Request.
  Time since last request: 6.507812 seconds.
  path: Assets/ANIMATIONS/MixamoAnimations/Actions
  artifactKey: Guid(850f787b07501cd49be8a27c25bc5cdd) Importer(815301076,1909f56bfc062723c751e8b465ee728b)
Start importing Assets/ANIMATIONS/MixamoAnimations/Actions using Guid(850f787b07501cd49be8a27c25bc5cdd) Importer(815301076,1909f56bfc062723c751e8b465ee728b)  -> (artifact id: 'c349779b3a46035a38c6ac936446b31d') in 0.008638 seconds
  Import took 0.038107 seconds .

========================================================================
Received Import Request.
  Time since last request: 7.086155 seconds.
  path: Assets/ANIMATIONS/MixamoAnimations/Interactions
  artifactKey: Guid(beabe8a195564ea4496b88fd1d6729b7) Importer(815301076,1909f56bfc062723c751e8b465ee728b)
Start importing Assets/ANIMATIONS/MixamoAnimations/Interactions using Guid(beabe8a195564ea4496b88fd1d6729b7) Importer(815301076,1909f56bfc062723c751e8b465ee728b)  -> (artifact id: 'd4293bbb393d83c129761fc5535e32e3') in 0.056435 seconds
  Import took 0.156036 seconds .

========================================================================
Received Import Request.
  Time since last request: 1.597095 seconds.
  path: Assets/ANIMATIONS/MixamoAnimations/Masks
  artifactKey: Guid(1c44a63988e198840a0750c4935016a4) Importer(815301076,1909f56bfc062723c751e8b465ee728b)
Start importing Assets/ANIMATIONS/MixamoAnimations/Masks using Guid(1c44a63988e198840a0750c4935016a4) Importer(815301076,1909f56bfc062723c751e8b465ee728b)  -> (artifact id: '5945bae07a5ecdd443285baea09fd295') in 0.027217 seconds
  Import took 0.061810 seconds .

========================================================================
Received Import Request.
  Time since last request: 75.789674 seconds.
  path: Assets/CHARACTERS/ZOMBIES
  artifactKey: Guid(8b788790fcbc1614dbdb0b7deba652ec) Importer(815301076,1909f56bfc062723c751e8b465ee728b)
Start importing Assets/CHARACTERS/ZOMBIES using Guid(8b788790fcbc1614dbdb0b7deba652ec) Importer(815301076,1909f56bfc062723c751e8b465ee728b)  -> (artifact id: '9ee1c3fb3ba9f2b3df69c6dda8c03979') in 0.008625 seconds
  Import took 0.137188 seconds .

========================================================================
Received Import Request.
  Time since last request: 7.863583 seconds.
  path: Assets/CHARACTERS/ZOMBIES/Female_Zombie_New
  artifactKey: Guid(64e95b488b94f0a468b84354c92f9b09) Importer(815301076,1909f56bfc062723c751e8b465ee728b)
Start importing Assets/CHARACTERS/ZOMBIES/Female_Zombie_New using Guid(64e95b488b94f0a468b84354c92f9b09) Importer(815301076,1909f56bfc062723c751e8b465ee728b)  -> (artifact id: 'ea7c7b952ad5f8e4263d0329f1e108b3') in 0.008671 seconds
  Import took 0.036977 seconds .

========================================================================
Received Import Request.
  Time since last request: 21.342457 seconds.
  path: Assets/CHARACTERS/ZOMBIES/Female_Zombie_New/sk_ch_zombie_female.prefab
  artifactKey: Guid(ba6523791dd6bd34d82e5b4d28720b57) Importer(815301076,1909f56bfc062723c751e8b465ee728b)
Start importing Assets/CHARACTERS/ZOMBIES/Female_Zombie_New/sk_ch_zombie_female.prefab using Guid(ba6523791dd6bd34d82e5b4d28720b57) Importer(815301076,1909f56bfc062723c751e8b465ee728b)  -> (artifact id: '532b88a166ad3b839c6b10c46070b3f6') in 0.011512 seconds
  Import took 0.019655 seconds .

========================================================================
Received Import Request.
  Time since last request: 0.016139 seconds.
  path: Assets/CHARACTERS/ZOMBIES/Female_Zombie_New/sk_ch_zombie_female.prefab
  artifactKey: Guid(ba6523791dd6bd34d82e5b4d28720b57) Importer(815301076,1909f56bfc062723c751e8b465ee728b)
Start importing Assets/CHARACTERS/ZOMBIES/Female_Zombie_New/sk_ch_zombie_female.prefab using Guid(ba6523791dd6bd34d82e5b4d28720b57) Importer(815301076,1909f56bfc062723c751e8b465ee728b)  -> (artifact id: '532b88a166ad3b839c6b10c46070b3f6') in 0.006439 seconds
  Import took 0.014544 seconds .

========================================================================
Received Import Request.
  Time since last request: 167.330950 seconds.
  path: Assets/ANIMATIONS/MixamoAnimations/Combat/Pistol/pistol idle.fbx
  artifactKey: Guid(016bd3bfdcbfb1947953ca5e54801404) Importer(815301076,1909f56bfc062723c751e8b465ee728b)
Start importing Assets/ANIMATIONS/MixamoAnimations/Combat/Pistol/pistol idle.fbx using Guid(016bd3bfdcbfb1947953ca5e54801404) Importer(815301076,1909f56bfc062723c751e8b465ee728b)  -> (artifact id: 'be373cff23b9cf8b99d53140fb021956') in 0.006643 seconds
  Import took 0.071090 seconds .

========================================================================
Received Import Request.
  Time since last request: 24.934175 seconds.
  path: Assets/ANIMATIONS/MixamoAnimations/Combat/Pistol/pistol idle.fbx
  artifactKey: Guid(016bd3bfdcbfb1947953ca5e54801404) Importer(815301076,1909f56bfc062723c751e8b465ee728b)
Start importing Assets/ANIMATIONS/MixamoAnimations/Combat/Pistol/pistol idle.fbx using Guid(016bd3bfdcbfb1947953ca5e54801404) Importer(815301076,1909f56bfc062723c751e8b465ee728b)  -> (artifact id: 'dcb27a1e6ea2e0ffe591df7f0f8d6361') in 0.007233 seconds
  Import took 0.042216 seconds .

========================================================================
Received Import Request.
  Time since last request: 77.324803 seconds.
  path: Assets/ANIMATIONS/MixamoAnimations/Combat/Pistol/pistol idle.fbx
  artifactKey: Guid(016bd3bfdcbfb1947953ca5e54801404) Importer(815301076,1909f56bfc062723c751e8b465ee728b)
Start importing Assets/ANIMATIONS/MixamoAnimations/Combat/Pistol/pistol idle.fbx using Guid(016bd3bfdcbfb1947953ca5e54801404) Importer(815301076,1909f56bfc062723c751e8b465ee728b)  -> (artifact id: '8aedf793549bb4b96c0a03aa2675da79') in 0.007531 seconds
  Import took 0.027997 seconds .

========================================================================
Received Import Request.
  Time since last request: 10.991152 seconds.
  path: Assets/ANIMATIONS/MixamoAnimations/Combat/Pistol/pistol idle.fbx
  artifactKey: Guid(016bd3bfdcbfb1947953ca5e54801404) Importer(815301076,1909f56bfc062723c751e8b465ee728b)
Start importing Assets/ANIMATIONS/MixamoAnimations/Combat/Pistol/pistol idle.fbx using Guid(016bd3bfdcbfb1947953ca5e54801404) Importer(815301076,1909f56bfc062723c751e8b465ee728b)  -> (artifact id: 'c702975607da2b02e9b7d35023ff67ce') in 0.007383 seconds
  Import took 0.040957 seconds .

========================================================================
Received Import Request.
  Time since last request: 46.690930 seconds.
  path: Assets/ANIMATIONS/MixamoAnimations/Combat/Pistol/pistol idle.fbx
  artifactKey: Guid(016bd3bfdcbfb1947953ca5e54801404) Importer(815301076,1909f56bfc062723c751e8b465ee728b)
Start importing Assets/ANIMATIONS/MixamoAnimations/Combat/Pistol/pistol idle.fbx using Guid(016bd3bfdcbfb1947953ca5e54801404) Importer(815301076,1909f56bfc062723c751e8b465ee728b)  -> (artifact id: 'a24549f7212352321048ae03418d75ed') in 0.007600 seconds
  Import took 0.046989 seconds .

========================================================================
Received Import Request.
  Time since last request: 117.262412 seconds.
  path: Assets/ANIMATIONS/MixamoAnimations/Combat/Pistol/pistol idle.fbx
  artifactKey: Guid(016bd3bfdcbfb1947953ca5e54801404) Importer(815301076,1909f56bfc062723c751e8b465ee728b)
Start importing Assets/ANIMATIONS/MixamoAnimations/Combat/Pistol/pistol idle.fbx using Guid(016bd3bfdcbfb1947953ca5e54801404) Importer(815301076,1909f56bfc062723c751e8b465ee728b)  -> (artifact id: '8ca5f48684afe5c3838d60d0318c10e0') in 0.012809 seconds
  Import took 0.046036 seconds .

========================================================================
Received Prepare
Registering precompiled user dll's ...
Registered in 0.003465 seconds.
Begin MonoManager ReloadAssembly
Native extension for WindowsStandalone target not found
Refreshing native plugins compatible for Editor in 1.26 ms, found 0 plugins.
Preloading 0 native plugins for Editor in 0.00 ms.
Invoked RoslynAnalysisRunner static constructor.
RoslynAnalysisRunner will not be running.
RoslynAnalysisRunner has terminated.
Mono: successfully reloaded assembly
- Completed reload, in  2.161 seconds
Platform modules already initialized, skipping
Refreshing native plugins compatible for Editor in 1.24 ms, found 0 plugins.
Preloading 0 native plugins for Editor in 0.00 ms.
Unloading 4000 Unused Serialized files (Serialized files now loaded: 0)
System memory in use before: 255.9 MB.
System memory in use after: 256.1 MB.

Unloading 149 unused Assets to reduce memory usage. Loaded Objects now: 5285.
Total: 5.684000 ms (FindLiveObjects: 0.610900 ms CreateObjectMapping: 0.155800 ms MarkObjects: 4.454600 ms  DeleteObjects: 0.461200 ms)

========================================================================
Received Import Request.
  Time since last request: 204.572013 seconds.
  path: Assets/ANIMATIONS/MixamoAnimations/Combat/Pistol/pistol run backward arc.fbx
  artifactKey: Guid(ff5819d7f87c71a4f8be795fef9f2ac4) Importer(815301076,1909f56bfc062723c751e8b465ee728b)
Start importing Assets/ANIMATIONS/MixamoAnimations/Combat/Pistol/pistol run backward arc.fbx using Guid(ff5819d7f87c71a4f8be795fef9f2ac4) Importer(815301076,1909f56bfc062723c751e8b465ee728b)  -> (artifact id: '30e51c7abdae3bcba983fa23b76fb722') in 0.049267 seconds
  Import took 0.058313 seconds .

========================================================================
Received Import Request.
  Time since last request: 0.000291 seconds.
  path: Assets/ANIMATIONS/MixamoAnimations/Combat/Pistol/pistol jump (2).fbx
  artifactKey: Guid(d6103bde3e390d5409f5701716072da8) Importer(815301076,1909f56bfc062723c751e8b465ee728b)
Start importing Assets/ANIMATIONS/MixamoAnimations/Combat/Pistol/pistol jump (2).fbx using Guid(d6103bde3e390d5409f5701716072da8) Importer(815301076,1909f56bfc062723c751e8b465ee728b)  -> (artifact id: '910b892d75bb92b25c34742b5d67e40c') in 0.012234 seconds
  Import took 0.043636 seconds .

========================================================================
Received Import Request.
  Time since last request: 9.545388 seconds.
  path: Assets/ANIMATIONS/MixamoAnimations/Combat/Pistol/pistol run backward arc.fbx
  artifactKey: Guid(ff5819d7f87c71a4f8be795fef9f2ac4) Importer(815301076,1909f56bfc062723c751e8b465ee728b)
Start importing Assets/ANIMATIONS/MixamoAnimations/Combat/Pistol/pistol run backward arc.fbx using Guid(ff5819d7f87c71a4f8be795fef9f2ac4) Importer(815301076,1909f56bfc062723c751e8b465ee728b)  -> (artifact id: 'dcd207ba650401897ed7cd06ae52475f') in 0.006912 seconds
  Import took 0.015069 seconds .

========================================================================
Received Import Request.
  Time since last request: 0.016706 seconds.
  path: Assets/ANIMATIONS/MixamoAnimations/Combat/Pistol/pistol run backward arc.fbx
  artifactKey: Guid(ff5819d7f87c71a4f8be795fef9f2ac4) Importer(815301076,1909f56bfc062723c751e8b465ee728b)
Start importing Assets/ANIMATIONS/MixamoAnimations/Combat/Pistol/pistol run backward arc.fbx using Guid(ff5819d7f87c71a4f8be795fef9f2ac4) Importer(815301076,1909f56bfc062723c751e8b465ee728b)  -> (artifact id: 'dcd207ba650401897ed7cd06ae52475f') in 0.006897 seconds
  Import took 0.014995 seconds .

========================================================================
Received Import Request.
  Time since last request: 1.565299 seconds.
  path: Assets/ANIMATIONS/MixamoAnimations/Combat/Pistol/pistol jump.fbx
  artifactKey: Guid(cd3dacec646fbff4490c873b158130cf) Importer(815301076,1909f56bfc062723c751e8b465ee728b)
Start importing Assets/ANIMATIONS/MixamoAnimations/Combat/Pistol/pistol jump.fbx using Guid(cd3dacec646fbff4490c873b158130cf) Importer(815301076,1909f56bfc062723c751e8b465ee728b)  -> (artifact id: 'ced139ff87e2d2fde651d608fe22fe74') in 0.011539 seconds
  Import took 0.074862 seconds .

========================================================================
Received Import Request.
  Time since last request: 0.922547 seconds.
  path: Assets/ANIMATIONS/MixamoAnimations/Combat/Pistol/pistol kneeling idle.fbx
  artifactKey: Guid(58c9f51ec01ea084aadb1ca6b4a56516) Importer(815301076,1909f56bfc062723c751e8b465ee728b)
Start importing Assets/ANIMATIONS/MixamoAnimations/Combat/Pistol/pistol kneeling idle.fbx using Guid(58c9f51ec01ea084aadb1ca6b4a56516) Importer(815301076,1909f56bfc062723c751e8b465ee728b)  -> (artifact id: '85503332c3fcb00873ebdbe9ef506828') in 0.011995 seconds
  Import took 0.092405 seconds .

========================================================================
Received Prepare
Registering precompiled user dll's ...
Registered in 0.003563 seconds.
Begin MonoManager ReloadAssembly
Native extension for WindowsStandalone target not found
Refreshing native plugins compatible for Editor in 1.22 ms, found 0 plugins.
Preloading 0 native plugins for Editor in 0.00 ms.
Invoked RoslynAnalysisRunner static constructor.
RoslynAnalysisRunner will not be running.
RoslynAnalysisRunner has terminated.
Mono: successfully reloaded assembly
- Completed reload, in  1.937 seconds
Platform modules already initialized, skipping
Refreshing native plugins compatible for Editor in 1.36 ms, found 0 plugins.
Preloading 0 native plugins for Editor in 0.00 ms.
Unloading 4000 Unused Serialized files (Serialized files now loaded: 0)
System memory in use before: 255.8 MB.
System memory in use after: 256.0 MB.

Unloading 149 unused Assets to reduce memory usage. Loaded Objects now: 5287.
Total: 5.518200 ms (FindLiveObjects: 0.572400 ms CreateObjectMapping: 0.184600 ms MarkObjects: 4.381000 ms  DeleteObjects: 0.378600 ms)

========================================================================
Received Import Request.
  Time since last request: 182.817385 seconds.
  path: Assets/ANIMATIONS/MixamoAnimations/Combat/Pistol/pistol idle.fbx
  artifactKey: Guid(016bd3bfdcbfb1947953ca5e54801404) Importer(815301076,1909f56bfc062723c751e8b465ee728b)
Start importing Assets/ANIMATIONS/MixamoAnimations/Combat/Pistol/pistol idle.fbx using Guid(016bd3bfdcbfb1947953ca5e54801404) Importer(815301076,1909f56bfc062723c751e8b465ee728b)  -> (artifact id: 'fb5e1f41ed94f8f36ed1e21189eb482c') in 0.032367 seconds
  Import took 0.107223 seconds .

========================================================================
Received Prepare
Registering precompiled user dll's ...
Registered in 0.003758 seconds.
Begin MonoManager ReloadAssembly
Native extension for WindowsStandalone target not found
Refreshing native plugins compatible for Editor in 1.27 ms, found 0 plugins.
Preloading 0 native plugins for Editor in 0.00 ms.
Invoked RoslynAnalysisRunner static constructor.
RoslynAnalysisRunner will not be running.
RoslynAnalysisRunner has terminated.
Mono: successfully reloaded assembly
- Completed reload, in  2.026 seconds
Platform modules already initialized, skipping
Refreshing native plugins compatible for Editor in 1.23 ms, found 0 plugins.
Preloading 0 native plugins for Editor in 0.00 ms.
Unloading 4000 Unused Serialized files (Serialized files now loaded: 0)
System memory in use before: 255.8 MB.
System memory in use after: 256.0 MB.

Unloading 149 unused Assets to reduce memory usage. Loaded Objects now: 5289.
Total: 4.784500 ms (FindLiveObjects: 0.560500 ms CreateObjectMapping: 0.148100 ms MarkObjects: 3.712000 ms  DeleteObjects: 0.362400 ms)

========================================================================
Received Import Request.
  Time since last request: 661.409243 seconds.
  path: Assets/ANIMATIONS/MixamoAnimations/Combat/Pistol/pistol walk.fbx
  artifactKey: Guid(78a3f4b4d4f712740849af988ceac19b) Importer(815301076,1909f56bfc062723c751e8b465ee728b)
Start importing Assets/ANIMATIONS/MixamoAnimations/Combat/Pistol/pistol walk.fbx using Guid(78a3f4b4d4f712740849af988ceac19b) Importer(815301076,1909f56bfc062723c751e8b465ee728b)  -> (artifact id: '7bcad6c1173a7fd15bb4dee28feb6fc3') in 0.034910 seconds
  Import took 0.075370 seconds .

========================================================================
Received Prepare
Registering precompiled user dll's ...
Registered in 0.003496 seconds.
Begin MonoManager ReloadAssembly
Native extension for WindowsStandalone target not found
Refreshing native plugins compatible for Editor in 1.26 ms, found 0 plugins.
Preloading 0 native plugins for Editor in 0.00 ms.
Invoked RoslynAnalysisRunner static constructor.
RoslynAnalysisRunner will not be running.
RoslynAnalysisRunner has terminated.
Mono: successfully reloaded assembly
- Completed reload, in  1.993 seconds
Platform modules already initialized, skipping
Refreshing native plugins compatible for Editor in 1.53 ms, found 0 plugins.
Preloading 0 native plugins for Editor in 0.00 ms.
Unloading 4000 Unused Serialized files (Serialized files now loaded: 0)
System memory in use before: 255.8 MB.
System memory in use after: 256.0 MB.

Unloading 149 unused Assets to reduce memory usage. Loaded Objects now: 5291.
Total: 5.348900 ms (FindLiveObjects: 0.676100 ms CreateObjectMapping: 0.149100 ms MarkObjects: 4.128800 ms  DeleteObjects: 0.393600 ms)

========================================================================
Received Import Request.
  Time since last request: 26.704910 seconds.
  path: Assets/ANIMATIONS/MixamoAnimations/Combat/Pistol/pistol walk.fbx
  artifactKey: Guid(78a3f4b4d4f712740849af988ceac19b) Importer(815301076,1909f56bfc062723c751e8b465ee728b)
Start importing Assets/ANIMATIONS/MixamoAnimations/Combat/Pistol/pistol walk.fbx using Guid(78a3f4b4d4f712740849af988ceac19b) Importer(815301076,1909f56bfc062723c751e8b465ee728b)  -> (artifact id: 'dc2a4f56d1b9951cfc5bc67efba66f32') in 0.046012 seconds
  Import took 0.081968 seconds .

========================================================================
Received Import Request.
  Time since last request: 2.840555 seconds.
  path: Assets/ANIMATIONS/MixamoAnimations/Combat/Pistol/pistol walk.fbx
  artifactKey: Guid(78a3f4b4d4f712740849af988ceac19b) Importer(815301076,1909f56bfc062723c751e8b465ee728b)
Start importing Assets/ANIMATIONS/MixamoAnimations/Combat/Pistol/pistol walk.fbx using Guid(78a3f4b4d4f712740849af988ceac19b) Importer(815301076,1909f56bfc062723c751e8b465ee728b)  -> (artifact id: 'dc2a4f56d1b9951cfc5bc67efba66f32') in 0.006926 seconds
  Import took 0.014892 seconds .

========================================================================
Received Prepare
Registering precompiled user dll's ...
Registered in 0.006332 seconds.
Begin MonoManager ReloadAssembly
Native extension for WindowsStandalone target not found
Refreshing native plugins compatible for Editor in 1.24 ms, found 0 plugins.
Preloading 0 native plugins for Editor in 0.00 ms.
Invoked RoslynAnalysisRunner static constructor.
RoslynAnalysisRunner will not be running.
RoslynAnalysisRunner has terminated.
Mono: successfully reloaded assembly
- Completed reload, in  1.973 seconds
Platform modules already initialized, skipping
Refreshing native plugins compatible for Editor in 1.41 ms, found 0 plugins.
Preloading 0 native plugins for Editor in 0.00 ms.
Unloading 4000 Unused Serialized files (Serialized files now loaded: 0)
System memory in use before: 255.9 MB.
System memory in use after: 256.0 MB.

Unloading 149 unused Assets to reduce memory usage. Loaded Objects now: 5293.
Total: 5.083600 ms (FindLiveObjects: 0.557300 ms CreateObjectMapping: 0.146900 ms MarkObjects: 4.015200 ms  DeleteObjects: 0.363200 ms)

========================================================================
Received Import Request.
  Time since last request: 80.534770 seconds.
  path: Assets/ANIMATIONS/MixamoAnimations/Combat/Pistol/pistol walk arc.fbx
  artifactKey: Guid(d9a68843937964a4c8fdc945219ec661) Importer(815301076,1909f56bfc062723c751e8b465ee728b)
Start importing Assets/ANIMATIONS/MixamoAnimations/Combat/Pistol/pistol walk arc.fbx using Guid(d9a68843937964a4c8fdc945219ec661) Importer(815301076,1909f56bfc062723c751e8b465ee728b)  -> (artifact id: 'a7e9442a7337a976d844cb7cc1df366c') in 0.039507 seconds
  Import took 0.172926 seconds .

========================================================================
Received Import Request.
  Time since last request: 0.000237 seconds.
  path: Assets/ANIMATIONS/MixamoAnimations/Combat/Pistol/pistol walk backward arc (2).fbx
  artifactKey: Guid(1af2313d858ad2349bb7b2c2b1900f71) Importer(815301076,1909f56bfc062723c751e8b465ee728b)
Start importing Assets/ANIMATIONS/MixamoAnimations/Combat/Pistol/pistol walk backward arc (2).fbx using Guid(1af2313d858ad2349bb7b2c2b1900f71) Importer(815301076,1909f56bfc062723c751e8b465ee728b)  -> (artifact id: 'ce97440892fe3826b8fa3aabab4b2700') in 0.012432 seconds
  Import took 0.051850 seconds .

========================================================================
Received Import Request.
  Time since last request: 1.857643 seconds.
  path: Assets/ANIMATIONS/MixamoAnimations/Combat/Pistol/pistol walk arc.fbx
  artifactKey: Guid(d9a68843937964a4c8fdc945219ec661) Importer(815301076,1909f56bfc062723c751e8b465ee728b)
Start importing Assets/ANIMATIONS/MixamoAnimations/Combat/Pistol/pistol walk arc.fbx using Guid(d9a68843937964a4c8fdc945219ec661) Importer(815301076,1909f56bfc062723c751e8b465ee728b)  -> (artifact id: 'a4acddc166609b5acbbbd544e11aa9d6') in 0.007278 seconds
  Import took 0.015884 seconds .

========================================================================
Received Import Request.
  Time since last request: 0.881466 seconds.
  path: Assets/ANIMATIONS/MixamoAnimations/Combat/Pistol/pistol walk arc (2).fbx
  artifactKey: Guid(c664db1793dd1634f97e3a8521b72047) Importer(815301076,1909f56bfc062723c751e8b465ee728b)
Start importing Assets/ANIMATIONS/MixamoAnimations/Combat/Pistol/pistol walk arc (2).fbx using Guid(c664db1793dd1634f97e3a8521b72047) Importer(815301076,1909f56bfc062723c751e8b465ee728b)  -> (artifact id: '298becbfe4e2727b17c8975b19c533d3') in 0.012779 seconds
  Import took 0.033525 seconds .

========================================================================
Received Import Request.
  Time since last request: 2.837534 seconds.
  path: Assets/ANIMATIONS/MixamoAnimations/Combat/Pistol/pistol walk arc (2).fbx
  artifactKey: Guid(c664db1793dd1634f97e3a8521b72047) Importer(815301076,1909f56bfc062723c751e8b465ee728b)
Start importing Assets/ANIMATIONS/MixamoAnimations/Combat/Pistol/pistol walk arc (2).fbx using Guid(c664db1793dd1634f97e3a8521b72047) Importer(815301076,1909f56bfc062723c751e8b465ee728b)  -> (artifact id: '1a822bb9352b25c71c7081e2aa902fc2') in 0.007289 seconds
  Import took 0.099667 seconds .

========================================================================
Received Import Request.
  Time since last request: 0.708662 seconds.
  path: Assets/ANIMATIONS/MixamoAnimations/Combat/Pistol/pistol strafe.fbx
  artifactKey: Guid(4d965545423d88d479518f2e9ac9504e) Importer(815301076,1909f56bfc062723c751e8b465ee728b)
Start importing Assets/ANIMATIONS/MixamoAnimations/Combat/Pistol/pistol strafe.fbx using Guid(4d965545423d88d479518f2e9ac9504e) Importer(815301076,1909f56bfc062723c751e8b465ee728b)  -> (artifact id: '873ef014e0954098e9e6a99818d95a90') in 0.012021 seconds
  Import took 0.115361 seconds .

========================================================================
Received Import Request.
  Time since last request: 2.721287 seconds.
  path: Assets/ANIMATIONS/MixamoAnimations/Combat/Pistol/pistol strafe.fbx
  artifactKey: Guid(4d965545423d88d479518f2e9ac9504e) Importer(815301076,1909f56bfc062723c751e8b465ee728b)
Start importing Assets/ANIMATIONS/MixamoAnimations/Combat/Pistol/pistol strafe.fbx using Guid(4d965545423d88d479518f2e9ac9504e) Importer(815301076,1909f56bfc062723c751e8b465ee728b)  -> (artifact id: '6c255981252f1890f79dd7bf8af198d9') in 0.007599 seconds
  Import took 0.098738 seconds .

========================================================================
Received Import Request.
  Time since last request: 1.209215 seconds.
  path: Assets/ANIMATIONS/MixamoAnimations/Combat/Pistol/pistol strafe (2).fbx
  artifactKey: Guid(07b32be38fffdad4092d9e8c032e1e66) Importer(815301076,1909f56bfc062723c751e8b465ee728b)
Start importing Assets/ANIMATIONS/MixamoAnimations/Combat/Pistol/pistol strafe (2).fbx using Guid(07b32be38fffdad4092d9e8c032e1e66) Importer(815301076,1909f56bfc062723c751e8b465ee728b)  -> (artifact id: 'c25002c0a85096a1f6c2d881613260a1') in 0.011918 seconds
  Import took 0.157985 seconds .

========================================================================
Received Import Request.
  Time since last request: 3.917210 seconds.
  path: Assets/ANIMATIONS/MixamoAnimations/Combat/Pistol/pistol strafe (2).fbx
  artifactKey: Guid(07b32be38fffdad4092d9e8c032e1e66) Importer(815301076,1909f56bfc062723c751e8b465ee728b)
Start importing Assets/ANIMATIONS/MixamoAnimations/Combat/Pistol/pistol strafe (2).fbx using Guid(07b32be38fffdad4092d9e8c032e1e66) Importer(815301076,1909f56bfc062723c751e8b465ee728b)  -> (artifact id: '8543779a67437c1ef8f6e1763682418a') in 0.008585 seconds
  Import took 0.017467 seconds .

========================================================================
Received Import Request.
  Time since last request: 2.723870 seconds.
  path: Assets/ANIMATIONS/MixamoAnimations/Combat/Pistol/pistol stand to kneel.fbx
  artifactKey: Guid(b1048e06214237a4ab8a308b2f577f6b) Importer(815301076,1909f56bfc062723c751e8b465ee728b)
Start importing Assets/ANIMATIONS/MixamoAnimations/Combat/Pistol/pistol stand to kneel.fbx using Guid(b1048e06214237a4ab8a308b2f577f6b) Importer(815301076,1909f56bfc062723c751e8b465ee728b)  -> (artifact id: '8e54ae826227b15bb82c067ea161edf9') in 0.012752 seconds
  Import took 0.088431 seconds .

========================================================================
Received Import Request.
  Time since last request: 1.655727 seconds.
  path: Assets/ANIMATIONS/MixamoAnimations/Combat/Pistol/pistol run.fbx
  artifactKey: Guid(e74aacd72e819574abb7c20a4593de5d) Importer(815301076,1909f56bfc062723c751e8b465ee728b)
Start importing Assets/ANIMATIONS/MixamoAnimations/Combat/Pistol/pistol run.fbx using Guid(e74aacd72e819574abb7c20a4593de5d) Importer(815301076,1909f56bfc062723c751e8b465ee728b)  -> (artifact id: '1e4d349a26489283467b79da23e98397') in 0.012268 seconds
  Import took 0.034592 seconds .

========================================================================
Received Import Request.
  Time since last request: 0.001196 seconds.
  path: Assets/ANIMATIONS/MixamoAnimations/Combat/Pistol/pistol run.fbx
  artifactKey: Guid(e74aacd72e819574abb7c20a4593de5d) Importer(815301076,1909f56bfc062723c751e8b465ee728b)
Start importing Assets/ANIMATIONS/MixamoAnimations/Combat/Pistol/pistol run.fbx using Guid(e74aacd72e819574abb7c20a4593de5d) Importer(815301076,1909f56bfc062723c751e8b465ee728b)  -> (artifact id: '1e4d349a26489283467b79da23e98397') in 0.022545 seconds
  Import took 0.031017 seconds .

========================================================================
Received Import Request.
  Time since last request: 3.038859 seconds.
  path: Assets/ANIMATIONS/MixamoAnimations/Combat/Pistol/pistol run.fbx
  artifactKey: Guid(e74aacd72e819574abb7c20a4593de5d) Importer(815301076,1909f56bfc062723c751e8b465ee728b)
Start importing Assets/ANIMATIONS/MixamoAnimations/Combat/Pistol/pistol run.fbx using Guid(e74aacd72e819574abb7c20a4593de5d) Importer(815301076,1909f56bfc062723c751e8b465ee728b)  -> (artifact id: '5b05cb0878a31c113ed5ec062e7fb9e5') in 0.007898 seconds
  Import took 0.056145 seconds .

========================================================================
Received Import Request.
  Time since last request: 2.215541 seconds.
  path: Assets/ANIMATIONS/MixamoAnimations/Combat/Pistol/pistol run arc.fbx
  artifactKey: Guid(205ae2e52548847498f534d7088028ef) Importer(815301076,1909f56bfc062723c751e8b465ee728b)
Start importing Assets/ANIMATIONS/MixamoAnimations/Combat/Pistol/pistol run arc.fbx using Guid(205ae2e52548847498f534d7088028ef) Importer(815301076,1909f56bfc062723c751e8b465ee728b)  -> (artifact id: 'f84e6a16701b9cfb03342fde6dce5689') in 0.011884 seconds
  Import took 0.199404 seconds .

========================================================================
Received Import Request.
  Time since last request: 29.655090 seconds.
  path: Assets/ANIMATIONS/MixamoAnimations/Combat/Pistol/pistol walk.fbx
  artifactKey: Guid(78a3f4b4d4f712740849af988ceac19b) Importer(815301076,1909f56bfc062723c751e8b465ee728b)
Start importing Assets/ANIMATIONS/MixamoAnimations/Combat/Pistol/pistol walk.fbx using Guid(78a3f4b4d4f712740849af988ceac19b) Importer(815301076,1909f56bfc062723c751e8b465ee728b)  -> (artifact id: '7c207d59c5e4d1e1d6892b4534b961ae') in 0.007360 seconds
  Import took 0.015866 seconds .

========================================================================
Received Import Request.
  Time since last request: 3.022109 seconds.
  path: Assets/ANIMATIONS/MixamoAnimations/Combat/Pistol/pistol walk backward.fbx
  artifactKey: Guid(6099397af6a0c2f45b195388e647e945) Importer(815301076,1909f56bfc062723c751e8b465ee728b)
Start importing Assets/ANIMATIONS/MixamoAnimations/Combat/Pistol/pistol walk backward.fbx using Guid(6099397af6a0c2f45b195388e647e945) Importer(815301076,1909f56bfc062723c751e8b465ee728b)  -> (artifact id: '480c3a2f414907ae392fd0a1ba598dfd') in 0.012116 seconds
  Import took 0.085108 seconds .

========================================================================
Received Import Request.
  Time since last request: 11.054465 seconds.
  path: Assets/ANIMATIONS/MixamoAnimations/Combat/Pistol/pistol walk backward.fbx
  artifactKey: Guid(6099397af6a0c2f45b195388e647e945) Importer(815301076,1909f56bfc062723c751e8b465ee728b)
Start importing Assets/ANIMATIONS/MixamoAnimations/Combat/Pistol/pistol walk backward.fbx using Guid(6099397af6a0c2f45b195388e647e945) Importer(815301076,1909f56bfc062723c751e8b465ee728b)  -> (artifact id: '50919635d957449682e9969db2f6b717') in 0.007349 seconds
  Import took 0.135685 seconds .

========================================================================
Received Import Request.
  Time since last request: 2.927364 seconds.
  path: Assets/ANIMATIONS/MixamoAnimations/Combat/Pistol/pistol walk backward arc.fbx
  artifactKey: Guid(cd176cb5e1f21b64882940c2c58cfe2b) Importer(815301076,1909f56bfc062723c751e8b465ee728b)
Start importing Assets/ANIMATIONS/MixamoAnimations/Combat/Pistol/pistol walk backward arc.fbx using Guid(cd176cb5e1f21b64882940c2c58cfe2b) Importer(815301076,1909f56bfc062723c751e8b465ee728b)  -> (artifact id: '277b3f38d4c2fd2a28c9b96fd5b35460') in 0.013459 seconds
  Import took 0.022551 seconds .

========================================================================
Received Import Request.
  Time since last request: 0.007999 seconds.
  path: Assets/ANIMATIONS/MixamoAnimations/Combat/Pistol/pistol walk backward arc.fbx
  artifactKey: Guid(cd176cb5e1f21b64882940c2c58cfe2b) Importer(815301076,1909f56bfc062723c751e8b465ee728b)
Start importing Assets/ANIMATIONS/MixamoAnimations/Combat/Pistol/pistol walk backward arc.fbx using Guid(cd176cb5e1f21b64882940c2c58cfe2b) Importer(815301076,1909f56bfc062723c751e8b465ee728b)  -> (artifact id: '277b3f38d4c2fd2a28c9b96fd5b35460') in 0.008728 seconds
  Import took 0.018671 seconds .

========================================================================
Received Import Request.
  Time since last request: 18.584250 seconds.
  path: Assets/ANIMATIONS/MixamoAnimations/Combat/Pistol/pistol walk backward arc.fbx
  artifactKey: Guid(cd176cb5e1f21b64882940c2c58cfe2b) Importer(815301076,1909f56bfc062723c751e8b465ee728b)
Start importing Assets/ANIMATIONS/MixamoAnimations/Combat/Pistol/pistol walk backward arc.fbx using Guid(cd176cb5e1f21b64882940c2c58cfe2b) Importer(815301076,1909f56bfc062723c751e8b465ee728b)  -> (artifact id: '5430c9610872de14c2366b5a6935b699') in 0.008180 seconds
  Import took 0.018212 seconds .

========================================================================
Received Import Request.
  Time since last request: 11.546484 seconds.
  path: Assets/ANIMATIONS/MixamoAnimations/Combat/Pistol/pistol walk backward arc (2).fbx
  artifactKey: Guid(1af2313d858ad2349bb7b2c2b1900f71) Importer(815301076,1909f56bfc062723c751e8b465ee728b)
Start importing Assets/ANIMATIONS/MixamoAnimations/Combat/Pistol/pistol walk backward arc (2).fbx using Guid(1af2313d858ad2349bb7b2c2b1900f71) Importer(815301076,1909f56bfc062723c751e8b465ee728b)  -> (artifact id: '91c142e869d99f303a710cf667fbd05b') in 0.008030 seconds
  Import took 0.055385 seconds .

========================================================================
Received Import Request.
  Time since last request: 9.255303 seconds.
  path: Assets/ANIMATIONS/MixamoAnimations/Combat/Pistol/pistol walk arc.fbx
  artifactKey: Guid(d9a68843937964a4c8fdc945219ec661) Importer(815301076,1909f56bfc062723c751e8b465ee728b)
Start importing Assets/ANIMATIONS/MixamoAnimations/Combat/Pistol/pistol walk arc.fbx using Guid(d9a68843937964a4c8fdc945219ec661) Importer(815301076,1909f56bfc062723c751e8b465ee728b)  -> (artifact id: '4744739d631da4295df5dcbe6e1fc4a3') in 0.007306 seconds
  Import took 0.134187 seconds .

========================================================================
Received Import Request.
  Time since last request: 13.067692 seconds.
  path: Assets/ANIMATIONS/MixamoAnimations/Combat/Pistol/pistol walk arc (2).fbx
  artifactKey: Guid(c664db1793dd1634f97e3a8521b72047) Importer(815301076,1909f56bfc062723c751e8b465ee728b)
Start importing Assets/ANIMATIONS/MixamoAnimations/Combat/Pistol/pistol walk arc (2).fbx using Guid(c664db1793dd1634f97e3a8521b72047) Importer(815301076,1909f56bfc062723c751e8b465ee728b)  -> (artifact id: '1cdbbe369623e5934adf7dcc9191373b') in 0.008030 seconds
  Import took 0.175185 seconds .

========================================================================
Received Import Request.
  Time since last request: 9.609327 seconds.
  path: Assets/ANIMATIONS/MixamoAnimations/Combat/Pistol/pistol strafe.fbx
  artifactKey: Guid(4d965545423d88d479518f2e9ac9504e) Importer(815301076,1909f56bfc062723c751e8b465ee728b)
Start importing Assets/ANIMATIONS/MixamoAnimations/Combat/Pistol/pistol strafe.fbx using Guid(4d965545423d88d479518f2e9ac9504e) Importer(815301076,1909f56bfc062723c751e8b465ee728b)  -> (artifact id: 'e612dd2689b7bb0bf70357a3d1bfe151') in 0.007911 seconds
  Import took 0.095408 seconds .

========================================================================
Received Import Request.
  Time since last request: 12.854842 seconds.
  path: Assets/ANIMATIONS/MixamoAnimations/Combat/Pistol/pistol strafe (2).fbx
  artifactKey: Guid(07b32be38fffdad4092d9e8c032e1e66) Importer(815301076,1909f56bfc062723c751e8b465ee728b)
Start importing Assets/ANIMATIONS/MixamoAnimations/Combat/Pistol/pistol strafe (2).fbx using Guid(07b32be38fffdad4092d9e8c032e1e66) Importer(815301076,1909f56bfc062723c751e8b465ee728b)  -> (artifact id: '34e10aeac456ce2586e802cebb95e7d3') in 0.007620 seconds
  Import took 0.038406 seconds .

========================================================================
Received Prepare
Registering precompiled user dll's ...
Registered in 0.003537 seconds.
Begin MonoManager ReloadAssembly
Native extension for WindowsStandalone target not found
Refreshing native plugins compatible for Editor in 1.26 ms, found 0 plugins.
Preloading 0 native plugins for Editor in 0.00 ms.
Invoked RoslynAnalysisRunner static constructor.
RoslynAnalysisRunner will not be running.
RoslynAnalysisRunner has terminated.
Mono: successfully reloaded assembly
- Completed reload, in  1.974 seconds
Platform modules already initialized, skipping
Refreshing native plugins compatible for Editor in 1.30 ms, found 0 plugins.
Preloading 0 native plugins for Editor in 0.00 ms.
Unloading 4000 Unused Serialized files (Serialized files now loaded: 0)
System memory in use before: 256.0 MB.
System memory in use after: 256.2 MB.

Unloading 149 unused Assets to reduce memory usage. Loaded Objects now: 5295.
Total: 5.572600 ms (FindLiveObjects: 0.649000 ms CreateObjectMapping: 0.155300 ms MarkObjects: 4.365800 ms  DeleteObjects: 0.400800 ms)

AssetImportWorkerClient::OnTransportError - code=2 error=End of file
